<?xml version="1.0" encoding="UTF-8"?>
<!-- Generated by org.testng.reporters.JUnitXMLReporter -->
<testsuite ignored="0" hostname="DESKTOP-M0UH53U" failures="0" tests="3" name="Default test" time="28.232" errors="0" timestamp="2023-07-16T11:01:15 IST">
  <testcase classname="com.itew.testcases.DataDriven_TestNG" name="calculatorTest" time="6.409"/>
  <testcase classname="com.itew.testcases.DataDriven_TestNG" name="calculatorTest" time="6.583"/>
  <testcase classname="com.itew.testcases.DataDriven_TestNG" name="calculatorTest" time="6.558"/>
</testsuite> <!-- Default test -->
