<?xml version="1.0" encoding="UTF-8"?>
<!-- Generated by org.testng.reporters.JUnitXMLReporter -->
<testsuite ignored="0" hostname="DESKTOP-M0UH53U" failures="0" tests="3" name="Altoro Mutual Application" time="29.563" errors="0" timestamp="08 Jul 2023 04:49:58 GMT">
  <testcase classname="com.itview.testng.Altoromutual_Login" name="adminLogin" time="9.03"/>
  <testcase classname="com.itview.testng.Altoromutual_Login" name="jSmithLogin" time="7.543"/>
  <testcase classname="com.itview.testng.Altoromutual_Login" name="testUserLogin" time="7.772"/>
</testsuite> <!-- Altoro Mutual Application -->
