<?xml version="1.0" encoding="UTF-8"?>
<!-- Generated by org.testng.reporters.JUnitXMLReporter -->
<testsuite ignored="0" hostname="DESKTOP-M0UH53U" failures="0" tests="3" name="Altoro Mutual Application" time="67.186" errors="0" timestamp="2023-07-29T11:41:19 IST">
  <testcase classname="com.itview.testng.Altoromutual_Login" name="adminLogin" time="9.838"/>
  <testcase classname="com.itview.testng.Altoromutual_Login" name="jSmithLogin" time="7.7"/>
  <testcase classname="com.itview.testng.Altoromutual_Login" name="testUserLogin" time="7.78"/>
</testsuite> <!-- Altoro Mutual Application -->
