<?xml version="1.0" encoding="UTF-8"?>
<testng-results ignored="0" total="3" passed="3" failed="0" skipped="0">
  <reporter-output>
  </reporter-output>
  <suite started-at="2023-07-16T11:00:46 IST" name="Default suite" finished-at="2023-07-16T11:01:15 IST" duration-ms="28232">
    <groups>
    </groups>
    <test started-at="2023-07-16T11:00:46 IST" name="Default test" finished-at="2023-07-16T11:01:15 IST" duration-ms="28232">
      <class name="com.itew.testcases.DataDriven_TestNG">
        <test-method is-config="true" signature="beforeTest()[pri:0, instance:com.itew.testcases.DataDriven_TestNG@750e2b97]" started-at="2023-07-16T11:00:46 IST" name="beforeTest" finished-at="2023-07-16T11:00:55 IST" duration-ms="8628" status="PASS">
          <reporter-output>
          </reporter-output>
        </test-method> <!-- beforeTest -->
        <test-method signature="calculatorTest(java.lang.String,java.lang.String,java.lang.String,java.lang.String)[pri:0, instance:com.itew.testcases.DataDriven_TestNG@750e2b97]" started-at="2023-07-16T11:00:55 IST" name="calculatorTest" data-provider="dp" finished-at="2023-07-16T11:01:01 IST" duration-ms="6409" status="PASS">
          <params>
            <param index="0">
              <value>
                <![CDATA[4]]>
              </value>
            </param>
            <param index="1">
              <value>
                <![CDATA[4]]>
              </value>
            </param>
            <param index="2">
              <value>
                <![CDATA[+]]>
              </value>
            </param>
            <param index="3">
              <value>
                <![CDATA[8]]>
              </value>
            </param>
          </params>
          <reporter-output>
          </reporter-output>
        </test-method> <!-- calculatorTest -->
        <test-method signature="calculatorTest(java.lang.String,java.lang.String,java.lang.String,java.lang.String)[pri:0, instance:com.itew.testcases.DataDriven_TestNG@750e2b97]" started-at="2023-07-16T11:01:01 IST" name="calculatorTest" data-provider="dp" finished-at="2023-07-16T11:01:08 IST" duration-ms="6583" status="PASS">
          <params>
            <param index="0">
              <value>
                <![CDATA[10]]>
              </value>
            </param>
            <param index="1">
              <value>
                <![CDATA[8]]>
              </value>
            </param>
            <param index="2">
              <value>
                <![CDATA[-]]>
              </value>
            </param>
            <param index="3">
              <value>
                <![CDATA[2]]>
              </value>
            </param>
          </params>
          <reporter-output>
          </reporter-output>
        </test-method> <!-- calculatorTest -->
        <test-method signature="calculatorTest(java.lang.String,java.lang.String,java.lang.String,java.lang.String)[pri:0, instance:com.itew.testcases.DataDriven_TestNG@750e2b97]" started-at="2023-07-16T11:01:08 IST" name="calculatorTest" data-provider="dp" finished-at="2023-07-16T11:01:15 IST" duration-ms="6558" status="PASS">
          <params>
            <param index="0">
              <value>
                <![CDATA[2]]>
              </value>
            </param>
            <param index="1">
              <value>
                <![CDATA[2]]>
              </value>
            </param>
            <param index="2">
              <value>
                <![CDATA[*]]>
              </value>
            </param>
            <param index="3">
              <value>
                <![CDATA[4]]>
              </value>
            </param>
          </params>
          <reporter-output>
          </reporter-output>
        </test-method> <!-- calculatorTest -->
        <test-method is-config="true" signature="afterTest()[pri:0, instance:com.itew.testcases.DataDriven_TestNG@750e2b97]" started-at="2023-07-16T11:01:15 IST" name="afterTest" finished-at="2023-07-16T11:01:15 IST" duration-ms="1" status="PASS">
          <reporter-output>
          </reporter-output>
        </test-method> <!-- afterTest -->
      </class> <!-- com.itew.testcases.DataDriven_TestNG -->
    </test> <!-- Default test -->
  </suite> <!-- Default suite -->
</testng-results>
